2025.04.25 20:11:08 INFO  Started: Metals version 1.5.2 in folders 'D:\websummarizer' for client Visual Studio Code 1.99.3.
2025.04.25 20:12:03 INFO  no build target found for D:\websummarizer\scalaSummarizerAPI\src\main\scala\ai\cimba\scalaSummarizer\SummarizerLibrary.scala. Using presentation compiler with project's scala-library version: 3.3.5
2025.04.25 20:12:03 INFO  no build target found for D:\websummarizer\scalaSummarizerAPI\src\main\scala\ai\cimba\scalaSummarizer\SummarizerLibrary.scala. Using presentation compiler with project's scala-library version: 3.3.5
2025.04.25 20:12:03 WARN  no build target for: D:\websummarizer\scalaSummarizerAPI\src\main\scala\ai\cimba\scalaSummarizer\SummarizerLibrary.scala
2025.04.25 20:12:06 INFO  no build target found for D:\websummarizer\scalaSummarizerAPI\src\main\scala\ai\cimba\scalaSummarizer\SummarizerLibrary.scala. Using presentation compiler with project's scala-library version: 3.3.5
2025.04.25 20:12:06 INFO  no build target found for D:\websummarizer\scalaSummarizerAPI\src\main\scala\ai\cimba\scalaSummarizer\SummarizerLibrary.scala. Using presentation compiler with project's scala-library version: 3.3.5
2025.04.25 20:12:06 INFO  no build target found for D:\websummarizer\scalaSummarizerAPI\src\main\scala\ai\cimba\scalaSummarizer\SummarizerLibrary.scala. Using presentation compiler with project's scala-library version: 3.3.5
Apr 25, 2025 8:12:06 PM org.eclipse.lsp4j.jsonrpc.RemoteEndpoint handleCancellation
WARNING: Unmatched cancel notification for request id 4
2025.04.25 20:12:06 INFO  no build target found for D:\websummarizer\scalaSummarizerAPI\src\main\scala\ai\cimba\scalaSummarizer\SummarizerLibrary.scala. Using presentation compiler with project's scala-library version: 3.3.5
2025.04.25 20:12:08 INFO  no build target found for D:\websummarizer\scalaSummarizerAPI\src\main\scala\ai\cimba\scalaSummarizer\SummarizerLibrary.scala. Using presentation compiler with project's scala-library version: 3.3.5
2025.04.25 20:12:08 INFO  no build target found for D:\websummarizer\scalaSummarizerAPI\src\main\scala\ai\cimba\scalaSummarizer\SummarizerLibrary.scala. Using presentation compiler with project's scala-library version: 3.3.5
2025.04.25 20:12:08 INFO  no build target found for D:\websummarizer\scalaSummarizerAPI\src\main\scala\ai\cimba\scalaSummarizer\SummarizerLibrary.scala. Using presentation compiler with project's scala-library version: 3.3.5
2025.04.25 20:12:11 INFO  no build target found for D:\websummarizer\scalaSummarizerAPI\src\main\scala\ai\cimba\scalaSummarizer\SummarizerLibrary.scala. Using presentation compiler with project's scala-library version: 3.3.5
2025.04.25 20:12:11 INFO  no build target found for D:\websummarizer\scalaSummarizerAPI\src\main\scala\ai\cimba\scalaSummarizer\SummarizerLibrary.scala. Using presentation compiler with project's scala-library version: 3.3.5
2025.04.25 20:12:11 INFO  no build target found for D:\websummarizer\scalaSummarizerAPI\src\main\scala\ai\cimba\scalaSummarizer\SummarizerLibrary.scala. Using presentation compiler with project's scala-library version: 3.3.5
2025.04.25 20:12:11 INFO  no build target found for D:\websummarizer\scalaSummarizerAPI\src\main\scala\ai\cimba\scalaSummarizer\SummarizerLibrary.scala. Using presentation compiler with project's scala-library version: 3.3.5
2025.04.25 20:12:12 INFO  time: code lens generation in 6.09s
2025.04.25 20:12:12 INFO  time: code lens generation in 6.1s
2025.04.25 20:12:12 INFO  time: code lens generation in 6.11s
2025.04.25 20:12:13 INFO  no build target found for D:\websummarizer\scalaSummarizerAPI\src\main\scala\ai\cimba\scalaSummarizer\SummarizerLibrary.scala. Using presentation compiler with project's scala-library version: 3.3.5
2025.04.25 20:12:13 INFO  no build target found for D:\websummarizer\scalaSummarizerAPI\src\main\scala\ai\cimba\scalaSummarizer\SummarizerLibrary.scala. Using presentation compiler with project's scala-library version: 3.3.5
2025.04.25 20:12:13 INFO  no build target found for D:\websummarizer\scalaSummarizerAPI\src\main\scala\ai\cimba\scalaSummarizer\SummarizerLibrary.scala. Using presentation compiler with project's scala-library version: 3.3.5
2025.04.25 20:12:14 INFO  no build target found for D:\websummarizer\scalaSummarizerAPI\src\main\scala\ai\cimba\scalaSummarizer\SummarizerLibrary.scala. Using presentation compiler with project's scala-library version: 3.3.5
2025.04.25 20:12:14 INFO  no build target found for D:\websummarizer\scalaSummarizerAPI\src\main\scala\ai\cimba\scalaSummarizer\SummarizerLibrary.scala. Using presentation compiler with project's scala-library version: 3.3.5
2025.04.25 20:12:14 INFO  no build target found for D:\websummarizer\scalaSummarizerAPI\src\main\scala\ai\cimba\scalaSummarizer\SummarizerLibrary.scala. Using presentation compiler with project's scala-library version: 3.3.5
2025.04.25 20:12:14 INFO  no build target found for D:\websummarizer\scalaSummarizerAPI\src\main\scala\ai\cimba\scalaSummarizer\SummarizerLibrary.scala. Using presentation compiler with project's scala-library version: 3.3.5
2025.04.25 20:12:16 INFO  no build target found for D:\websummarizer\scalaSummarizerAPI\src\main\scala\ai\cimba\scalaSummarizer\SummarizerLibrary.scala. Using presentation compiler with project's scala-library version: 3.3.5
2025.04.25 20:12:17 INFO  no build target found for D:\websummarizer\scalaSummarizerAPI\src\main\scala\ai\cimba\scalaSummarizer\SummarizerLibrary.scala. Using presentation compiler with project's scala-library version: 3.3.5
2025.04.25 20:12:17 INFO  no build target found for D:\websummarizer\scalaSummarizerAPI\src\main\scala\ai\cimba\scalaSummarizer\SummarizerLibrary.scala. Using presentation compiler with project's scala-library version: 3.3.5
2025.04.25 20:12:17 INFO  no build target found for D:\websummarizer\scalaSummarizerAPI\src\main\scala\ai\cimba\scalaSummarizer\SummarizerLibrary.scala. Using presentation compiler with project's scala-library version: 3.3.5
2025.04.25 20:12:17 INFO  no build target found for D:\websummarizer\scalaSummarizerAPI\src\main\scala\ai\cimba\scalaSummarizer\SummarizerLibrary.scala. Using presentation compiler with project's scala-library version: 3.3.5
2025.04.25 20:12:17 INFO  no build target found for D:\websummarizer\scalaSummarizerAPI\src\main\scala\ai\cimba\scalaSummarizer\SummarizerLibrary.scala. Using presentation compiler with project's scala-library version: 3.3.5
2025.04.25 20:12:18 INFO  no build target found for D:\websummarizer\scalaSummarizerAPI\src\main\scala\ai\cimba\scalaSummarizer\SummarizerLibrary.scala. Using presentation compiler with project's scala-library version: 3.3.5
2025.04.25 20:12:18 INFO  no build target found for D:\websummarizer\scalaSummarizerAPI\src\main\scala\ai\cimba\scalaSummarizer\SummarizerLibrary.scala. Using presentation compiler with project's scala-library version: 3.3.5
2025.04.25 20:12:19 INFO  no build target found for D:\websummarizer\scalaSummarizerAPI\src\main\scala\ai\cimba\scalaSummarizer\SummarizerLibrary.scala. Using presentation compiler with project's scala-library version: 3.3.5
2025.04.25 20:12:18 INFO  no build target found for D:\websummarizer\scalaSummarizerAPI\src\main\scala\ai\cimba\scalaSummarizer\SummarizerLibrary.scala. Using presentation compiler with project's scala-library version: 3.3.5
2025.04.25 20:12:21 INFO  no build target found for D:\websummarizer\scalaSummarizerAPI\src\main\scala\ai\cimba\scalaSummarizer\SummarizerLibrary.scala. Using presentation compiler with project's scala-library version: 3.3.5
2025.04.25 20:12:25 INFO  no build target found for D:\websummarizer\scalaSummarizerAPI\src\main\scala\ai\cimba\scalaSummarizer\SummarizerLibrary.scala. Using presentation compiler with project's scala-library version: 3.3.5
2025.04.25 20:12:44 INFO  no build target found for D:\websummarizer\scalaSummarizerAPI\src\main\scala\ai\cimba\scalaSummarizer\SummarizerLibrary.scala. Using presentation compiler with project's scala-library version: 3.3.5
2025.04.25 20:12:47 WARN  no build target for: D:\websummarizer\scalaSummarizerAPI\src\main\scala\ai\cimba\scalaSummarizer\SummarizerLibrary.scala
2025.04.25 20:12:47 INFO  no build target found for D:\websummarizer\scalaSummarizerAPI\src\main\scala\ai\cimba\scalaSummarizer\SummarizerLibrary.scala. Using presentation compiler with project's scala-library version: 3.3.5
2025.04.25 20:12:59 INFO  no build target found for D:\websummarizer\scalaSummarizerAPI\src\main\scala\ai\cimba\scalaSummarizer\SummarizerLibrary.scala. Using presentation compiler with project's scala-library version: 3.3.5
2025.04.25 20:12:59 INFO  no build target found for D:\websummarizer\scalaSummarizerAPI\src\main\scala\ai\cimba\scalaSummarizer\SummarizerLibrary.scala. Using presentation compiler with project's scala-library version: 3.3.5
2025.04.25 20:13:01 INFO  no build target found for D:\websummarizer\scalaSummarizerAPI\src\main\scala\ai\cimba\scalaSummarizer\SummarizerLibrary.scala. Using presentation compiler with project's scala-library version: 3.3.5
2025.04.25 20:13:01 INFO  no build target found for D:\websummarizer\scalaSummarizerAPI\src\main\scala\ai\cimba\scalaSummarizer\SummarizerLibrary.scala. Using presentation compiler with project's scala-library version: 3.3.5
2025.04.25 20:13:04 INFO  no build target found for D:\websummarizer\scalaSummarizerAPI\src\main\scala\ai\cimba\scalaSummarizer\SummarizerLibrary.scala. Using presentation compiler with project's scala-library version: 3.3.5
2025.04.25 20:13:06 INFO  no build target found for D:\websummarizer\scalaSummarizerAPI\src\main\scala\ai\cimba\scalaSummarizer\SummarizerLibrary.scala. Using presentation compiler with project's scala-library version: 3.3.5
Apr 25, 2025 8:14:14 PM org.eclipse.lsp4j.jsonrpc.RemoteEndpoint handleNotification
WARNING: Notification threw an exception: {
  "jsonrpc": "2.0",
  "method": "metals/didFocusTextDocument",
  "params": [
    "class:/d%3A/websummarizer/scalaSummarizerAPI/src/main/scala/TestSummarizer.class"
  ]
}
java.nio.file.FileSystemNotFoundException: Provider "class" not installed
	at java.base/java.nio.file.Path.of(Path.java:212)
	at java.base/java.nio.file.Paths.get(Paths.java:98)
	at scala.meta.internal.mtags.MtagsEnrichments$XtensionURIMtags.toAbsolutePath(MtagsEnrichments.scala:130)
	at scala.meta.internal.mtags.MtagsEnrichments$XtensionStringMtags.toAbsolutePath(MtagsEnrichments.scala:190)
	at scala.meta.internal.metals.MetalsEnrichments$XtensionString.toAbsolutePath(MetalsEnrichments.scala:777)
	at scala.meta.internal.metals.MetalsEnrichments$XtensionString.toAbsolutePath(MetalsEnrichments.scala:774)
	at scala.meta.internal.metals.WorkspaceLspService.didFocus(WorkspaceLspService.scala:775)
	at scala.meta.metals.lsp.DelegatingScalaService.didFocus(DelegatingScalaService.scala:42)
	at java.base/jdk.internal.reflect.DirectMethodHandleAccessor.invoke(DirectMethodHandleAccessor.java:104)
	at java.base/java.lang.reflect.Method.invoke(Method.java:578)
	at org.eclipse.lsp4j.jsonrpc.services.GenericEndpoint.lambda$recursiveFindRpcMethods$0(GenericEndpoint.java:65)
	at org.eclipse.lsp4j.jsonrpc.services.GenericEndpoint.notify(GenericEndpoint.java:160)
	at org.eclipse.lsp4j.jsonrpc.RemoteEndpoint.handleNotification(RemoteEndpoint.java:231)
	at org.eclipse.lsp4j.jsonrpc.RemoteEndpoint.consume(RemoteEndpoint.java:198)
	at org.eclipse.lsp4j.jsonrpc.json.StreamMessageProducer.handleMessage(StreamMessageProducer.java:185)
	at org.eclipse.lsp4j.jsonrpc.json.StreamMessageProducer.listen(StreamMessageProducer.java:97)
	at org.eclipse.lsp4j.jsonrpc.json.ConcurrentMessageProcessor.run(ConcurrentMessageProcessor.java:114)
	at java.base/java.util.concurrent.Executors$RunnableAdapter.call(Executors.java:577)
	at java.base/java.util.concurrent.FutureTask.run(FutureTask.java:317)
	at java.base/java.util.concurrent.ThreadPoolExecutor.runWorker(ThreadPoolExecutor.java:1144)
	at java.base/java.util.concurrent.ThreadPoolExecutor$Worker.run(ThreadPoolExecutor.java:642)
	at java.base/java.lang.Thread.run(Thread.java:1589)

2025.04.25 20:15:03 INFO  no build target found for D:\websummarizer\scalaSummarizerAPI\bin\main\ai\cimba\scalaSummarizer\SummarizerLibrary.scala. Using presentation compiler with project's scala-library version: 3.3.5
2025.04.25 20:15:03 WARN  no build target for: D:\websummarizer\scalaSummarizerAPI\bin\main\ai\cimba\scalaSummarizer\SummarizerLibrary.scala
2025.04.25 20:15:03 INFO  no build target found for D:\websummarizer\scalaSummarizerAPI\bin\main\ai\cimba\scalaSummarizer\SummarizerLibrary.scala. Using presentation compiler with project's scala-library version: 3.3.5
2025.04.25 20:15:03 INFO  no build target found for D:\websummarizer\scalaSummarizerAPI\bin\main\ai\cimba\scalaSummarizer\SummarizerLibrary.scala. Using presentation compiler with project's scala-library version: 3.3.5
2025.04.25 20:15:03 INFO  no build target found for D:\websummarizer\scalaSummarizerAPI\bin\main\ai\cimba\scalaSummarizer\SummarizerLibrary.scala. Using presentation compiler with project's scala-library version: 3.3.5
2025.04.25 20:15:03 INFO  no build target found for D:\websummarizer\scalaSummarizerAPI\bin\main\ai\cimba\scalaSummarizer\SummarizerLibrary.scala. Using presentation compiler with project's scala-library version: 3.3.5
2025.04.25 20:30:11 INFO  Started: Metals version 1.5.2 in folders 'D:\websummarizer' for client Visual Studio Code 1.99.3.
2025.04.25 20:30:24 INFO  running 'D:\websummarizer\gradlew.bat --stacktrace --console=plain --init-script C:\Users\rahul\AppData\Local\Temp\metals3303516186574211819\init-script.gradle bloopInstall'
2025.04.25 20:30:27 INFO  
2025.04.25 20:30:27 INFO  Welcome to Gradle 8.0!
2025.04.25 20:30:27 INFO  
2025.04.25 20:30:27 INFO  For more details see https://docs.gradle.org/8.0/release-notes.html
2025.04.25 20:30:27 INFO  
2025.04.25 20:30:29 INFO  Starting a Gradle Daemon, 2 incompatible Daemons could not be reused, use --status for details
2025.04.25 20:30:57 INFO  > Task :configureBloopInstall
2025.04.25 20:30:59 INFO  > Task :bloopInstall
2025.04.25 20:31:04 INFO  > Task :backend:configureBloopInstall
2025.04.25 20:31:04 ERROR 
2025.04.25 20:31:04 INFO  > Task :backend:bloopInstall FAILED
2025.04.25 20:31:04 ERROR FAILURE: Build failed with an exception.
2025.04.25 20:31:04 ERROR 
2025.04.25 20:31:04 ERROR * What went wrong:
2025.04.25 20:31:04 ERROR Execution failed for task ':backend:bloopInstall'.
2025.04.25 20:31:04 ERROR > Could not resolve all files for configuration ':backend:compileClasspath'.
2025.04.25 20:31:04 ERROR    > Could not find :scalaSummarizerAPI-1.0.0-all:.
2025.04.25 20:31:04 ERROR      Required by:
2025.04.25 20:31:04 ERROR          project :backend
2025.04.25 20:31:04 ERROR 
2025.04.25 20:31:04 ERROR * Try:
2025.04.25 20:31:04 ERROR > Run with --info or --debug option to get more log output.
2025.04.25 20:31:04 ERROR > Run with --scan to get full insights.
2025.04.25 20:31:04 ERROR 
2025.04.25 20:31:04 ERROR * Exception is:
2025.04.25 20:31:04 ERROR org.gradle.api.tasks.TaskExecutionException: Execution failed for task ':backend:bloopInstall'.
2025.04.25 20:31:04 ERROR 	at org.gradle.api.internal.tasks.execution.ExecuteActionsTaskExecuter.lambda$executeIfValid$1(ExecuteActionsTaskExecuter.java:149)
2025.04.25 20:31:04 ERROR 	at org.gradle.internal.Try$Failure.ifSuccessfulOrElse(Try.java:282)
2025.04.25 20:31:04 ERROR 	at org.gradle.api.internal.tasks.execution.ExecuteActionsTaskExecuter.executeIfValid(ExecuteActionsTaskExecuter.java:147)
2025.04.25 20:31:04 ERROR 	at org.gradle.api.internal.tasks.execution.ExecuteActionsTaskExecuter.execute(ExecuteActionsTaskExecuter.java:135)
2025.04.25 20:31:04 ERROR 	at org.gradle.api.internal.tasks.execution.FinalizePropertiesTaskExecuter.execute(FinalizePropertiesTaskExecuter.java:46)
2025.04.25 20:31:04 ERROR 	at org.gradle.api.internal.tasks.execution.ResolveTaskExecutionModeExecuter.execute(ResolveTaskExecutionModeExecuter.java:51)
2025.04.25 20:31:04 ERROR 	at org.gradle.api.internal.tasks.execution.SkipTaskWithNoActionsExecuter.execute(SkipTaskWithNoActionsExecuter.java:57)
2025.04.25 20:31:04 ERROR 	at org.gradle.api.internal.tasks.execution.SkipOnlyIfTaskExecuter.execute(SkipOnlyIfTaskExecuter.java:74)
2025.04.25 20:31:04 ERROR 	at org.gradle.api.internal.tasks.execution.CatchExceptionTaskExecuter.execute(CatchExceptionTaskExecuter.java:36)
2025.04.25 20:31:04 ERROR 	at org.gradle.api.internal.tasks.execution.EventFiringTaskExecuter$1.executeTask(EventFiringTaskExecuter.java:77)
2025.04.25 20:31:04 ERROR 	at org.gradle.api.internal.tasks.execution.EventFiringTaskExecuter$1.call(EventFiringTaskExecuter.java:55)
2025.04.25 20:31:04 ERROR 	at org.gradle.api.internal.tasks.execution.EventFiringTaskExecuter$1.call(EventFiringTaskExecuter.java:52)
2025.04.25 20:31:04 ERROR 	at org.gradle.internal.operations.DefaultBuildOperationRunner$CallableBuildOperationWorker.execute(DefaultBuildOperationRunner.java:204)
2025.04.25 20:31:04 ERROR 	at org.gradle.internal.operations.DefaultBuildOperationRunner$CallableBuildOperationWorker.execute(DefaultBuildOperationRunner.java:199)
2025.04.25 20:31:04 ERROR 	at org.gradle.internal.operations.DefaultBuildOperationRunner$2.execute(DefaultBuildOperationRunner.java:66)
2025.04.25 20:31:04 ERROR 	at org.gradle.internal.operations.DefaultBuildOperationRunner$2.execute(DefaultBuildOperationRunner.java:59)
2025.04.25 20:31:04 ERROR 	at org.gradle.internal.operations.DefaultBuildOperationRunner.execute(DefaultBuildOperationRunner.java:157)
2025.04.25 20:31:04 ERROR 	at org.gradle.internal.operations.DefaultBuildOperationRunner.execute(DefaultBuildOperationRunner.java:59)
2025.04.25 20:31:04 ERROR 	at org.gradle.internal.operations.DefaultBuildOperationRunner.call(DefaultBuildOperationRunner.java:53)
2025.04.25 20:31:04 ERROR 	at org.gradle.internal.operations.DefaultBuildOperationExecutor.call(DefaultBuildOperationExecutor.java:73)
2025.04.25 20:31:04 ERROR 	at org.gradle.api.internal.tasks.execution.EventFiringTaskExecuter.execute(EventFiringTaskExecuter.java:52)
2025.04.25 20:31:04 ERROR 	at org.gradle.execution.plan.LocalTaskNodeExecutor.execute(LocalTaskNodeExecutor.java:42)
2025.04.25 20:31:04 ERROR 	at org.gradle.execution.taskgraph.DefaultTaskExecutionGraph$InvokeNodeExecutorsAction.execute(DefaultTaskExecutionGraph.java:338)
2025.04.25 20:31:04 ERROR 	at org.gradle.execution.taskgraph.DefaultTaskExecutionGraph$InvokeNodeExecutorsAction.execute(DefaultTaskExecutionGraph.java:325)
2025.04.25 20:31:04 ERROR 	at org.gradle.execution.taskgraph.DefaultTaskExecutionGraph$BuildOperationAwareExecutionAction.execute(DefaultTaskExecutionGraph.java:318)
2025.04.25 20:31:04 ERROR 	at org.gradle.execution.taskgraph.DefaultTaskExecutionGraph$BuildOperationAwareExecutionAction.execute(DefaultTaskExecutionGraph.java:304)
2025.04.25 20:31:04 ERROR 	at org.gradle.execution.plan.DefaultPlanExecutor$ExecutorWorker.execute(DefaultPlanExecutor.java:463)
2025.04.25 20:31:04 ERROR 	at org.gradle.execution.plan.DefaultPlanExecutor$ExecutorWorker.run(DefaultPlanExecutor.java:380)
2025.04.25 20:31:04 ERROR 	at org.gradle.execution.plan.DefaultPlanExecutor.process(DefaultPlanExecutor.java:116)
2025.04.25 20:31:04 ERROR 	at org.gradle.execution.taskgraph.DefaultTaskExecutionGraph.executeWithServices(DefaultTaskExecutionGraph.java:136)
2025.04.25 20:31:04 ERROR 	at org.gradle.execution.taskgraph.DefaultTaskExecutionGraph.execute(DefaultTaskExecutionGraph.java:121)
2025.04.25 20:31:04 ERROR 	at org.gradle.execution.SelectedTaskExecutionAction.execute(SelectedTaskExecutionAction.java:35)
2025.04.25 20:31:04 ERROR 	at org.gradle.execution.DryRunBuildExecutionAction.execute(DryRunBuildExecutionAction.java:51)
2025.04.25 20:31:04 ERROR 	at org.gradle.execution.BuildOperationFiringBuildWorkerExecutor$ExecuteTasks.call(BuildOperationFiringBuildWorkerExecutor.java:54)
2025.04.25 20:31:04 ERROR 	at org.gradle.execution.BuildOperationFiringBuildWorkerExecutor$ExecuteTasks.call(BuildOperationFiringBuildWorkerExecutor.java:43)
2025.04.25 20:31:04 ERROR 	at org.gradle.internal.operations.DefaultBuildOperationRunner$CallableBuildOperationWorker.execute(DefaultBuildOperationRunner.java:204)
2025.04.25 20:31:04 ERROR 	at org.gradle.internal.operations.DefaultBuildOperationRunner$CallableBuildOperationWorker.execute(DefaultBuildOperationRunner.java:199)
2025.04.25 20:31:04 ERROR 	at org.gradle.internal.operations.DefaultBuildOperationRunner$2.execute(DefaultBuildOperationRunner.java:66)
2025.04.25 20:31:04 ERROR 	at org.gradle.internal.operations.DefaultBuildOperationRunner$2.execute(DefaultBuildOperationRunner.java:59)
2025.04.25 20:31:04 ERROR 	at org.gradle.internal.operations.DefaultBuildOperationRunner.execute(DefaultBuildOperationRunner.java:157)
2025.04.25 20:31:04 ERROR 	at org.gradle.internal.operations.DefaultBuildOperationRunner.execute(DefaultBuildOperationRunner.java:59)
2025.04.25 20:31:04 ERROR 	at org.gradle.internal.operations.DefaultBuildOperationRunner.call(DefaultBuildOperationRunner.java:53)
2025.04.25 20:31:04 ERROR 	at org.gradle.internal.operations.DefaultBuildOperationExecutor.call(DefaultBuildOperationExecutor.java:73)
2025.04.25 20:31:04 ERROR 	at org.gradle.execution.BuildOperationFiringBuildWorkerExecutor.execute(BuildOperationFiringBuildWorkerExecutor.java:40)
2025.04.25 20:31:04 ERROR 	at org.gradle.internal.build.DefaultBuildLifecycleController.lambda$executeTasks$7(DefaultBuildLifecycleController.java:172)
2025.04.25 20:31:04 ERROR 	at org.gradle.internal.model.StateTransitionController.doTransition(StateTransitionController.java:258)
2025.04.25 20:31:04 ERROR 	at org.gradle.internal.model.StateTransitionController.lambda$tryTransition$8(StateTransitionController.java:185)
2025.04.25 20:31:04 ERROR 	at org.gradle.internal.work.DefaultSynchronizer.withLock(DefaultSynchronizer.java:44)
2025.04.25 20:31:04 ERROR 	at org.gradle.internal.model.StateTransitionController.tryTransition(StateTransitionController.java:185)
2025.04.25 20:31:04 ERROR 	at org.gradle.internal.build.DefaultBuildLifecycleController.executeTasks(DefaultBuildLifecycleController.java:172)
2025.04.25 20:31:04 ERROR 	at org.gradle.internal.build.DefaultBuildWorkGraphController$DefaultBuildWorkGraph.runWork(DefaultBuildWorkGraphController.java:209)
2025.04.25 20:31:04 ERROR 	at org.gradle.internal.work.DefaultWorkerLeaseService.withLocks(DefaultWorkerLeaseService.java:249)
2025.04.25 20:31:04 ERROR 	at org.gradle.internal.work.DefaultWorkerLeaseService.runAsWorkerThread(DefaultWorkerLeaseService.java:109)
2025.04.25 20:31:04 ERROR 	at org.gradle.composite.internal.DefaultBuildController.doRun(DefaultBuildController.java:172)
2025.04.25 20:31:04 ERROR 	at org.gradle.composite.internal.DefaultBuildController.access$000(DefaultBuildController.java:47)
2025.04.25 20:31:04 ERROR 	at org.gradle.composite.internal.DefaultBuildController$BuildOpRunnable.run(DefaultBuildController.java:191)
2025.04.25 20:31:04 ERROR 	at org.gradle.internal.concurrent.ExecutorPolicy$CatchAndRecordFailures.onExecute(ExecutorPolicy.java:64)
2025.04.25 20:31:04 ERROR 	at org.gradle.internal.concurrent.ManagedExecutorImpl$1.run(ManagedExecutorImpl.java:49)
2025.04.25 20:31:04 ERROR Caused by: org.gradle.api.internal.artifacts.ivyservice.DefaultLenientConfiguration$ArtifactResolveException: Could not resolve all files for configuration ':backend:compileClasspath'.
2025.04.25 20:31:04 ERROR 	at org.gradle.api.internal.artifacts.configurations.DefaultConfiguration.mapFailure(DefaultConfiguration.java:1595)
2025.04.25 20:31:04 ERROR 	at org.gradle.api.internal.artifacts.configurations.DefaultConfiguration.access$3900(DefaultConfiguration.java:166)
2025.04.25 20:31:04 ERROR 	at org.gradle.api.internal.artifacts.configurations.DefaultConfiguration$DefaultResolutionHost.mapFailure(DefaultConfiguration.java:2278)
2025.04.25 20:31:04 ERROR 	at org.gradle.api.internal.artifacts.configurations.DefaultConfiguration$DefaultResolutionHost.rethrowFailure(DefaultConfiguration.java:2283)
2025.04.25 20:31:04 ERROR 	at org.gradle.api.internal.artifacts.configurations.DefaultConfiguration$ConfigurationFileCollection.visitContents(DefaultConfiguration.java:1563)
2025.04.25 20:31:04 ERROR 	at org.gradle.api.internal.file.AbstractFileCollection.getFiles(AbstractFileCollection.java:130)
2025.04.25 20:31:04 ERROR 	at org.gradle.api.internal.file.AbstractFileCollection.iterator(AbstractFileCollection.java:171)
2025.04.25 20:31:04 ERROR 	at org.gradle.api.internal.artifacts.configurations.DefaultConfiguration.iterator(DefaultConfiguration.java:516)
2025.04.25 20:31:04 ERROR 	at scala.collection.convert.Wrappers$JIterableWrapper.iterator(Wrappers.scala:60)
2025.04.25 20:31:04 ERROR 	at scala.collection.IterableLike.foreach(IterableLike.scala:74)
2025.04.25 20:31:04 ERROR 	at scala.collection.IterableLike.foreach$(IterableLike.scala:73)
2025.04.25 20:31:04 ERROR 	at scala.collection.AbstractIterable.foreach(Iterable.scala:56)
2025.04.25 20:31:04 ERROR 	at scala.collection.generic.Growable.$plus$plus$eq(Growable.scala:62)
2025.04.25 20:31:04 ERROR 	at scala.collection.generic.Growable.$plus$plus$eq$(Growable.scala:53)
2025.04.25 20:31:04 ERROR 	at scala.collection.mutable.ListBuffer.$plus$plus$eq(ListBuffer.scala:184)
2025.04.25 20:31:04 ERROR 	at scala.collection.mutable.ListBuffer.$plus$plus$eq(ListBuffer.scala:47)
2025.04.25 20:31:04 ERROR 	at scala.collection.TraversableLike.to(TraversableLike.scala:786)
2025.04.25 20:31:04 ERROR 	at scala.collection.TraversableLike.to$(TraversableLike.scala:783)
2025.04.25 20:31:04 ERROR 	at scala.collection.AbstractTraversable.to(Traversable.scala:108)
2025.04.25 20:31:04 ERROR 	at scala.collection.TraversableOnce.toList(TraversableOnce.scala:350)
2025.04.25 20:31:04 ERROR 	at scala.collection.TraversableOnce.toList$(TraversableOnce.scala:350)
2025.04.25 20:31:04 ERROR 	at scala.collection.AbstractTraversable.toList(Traversable.scala:108)
2025.04.25 20:31:04 ERROR 	at bloop.integrations.gradle.model.BloopConverter.toBloopConfig(BloopConverter.scala:299)
2025.04.25 20:31:04 ERROR 	at bloop.integrations.gradle.tasks.ScalaJavaInstall$.generateBloopConfiguration(BloopInstallTask.scala:104)
2025.04.25 20:31:04 ERROR 	at bloop.integrations.gradle.tasks.ScalaJavaInstall$.$anonfun$install$1(BloopInstallTask.scala:88)
2025.04.25 20:31:04 ERROR 	at bloop.integrations.gradle.tasks.ScalaJavaInstall$.$anonfun$install$1$adapted(BloopInstallTask.scala:80)
2025.04.25 20:31:04 ERROR 	at scala.collection.immutable.Set$Set2.foreach(Set.scala:181)
2025.04.25 20:31:04 ERROR 	at bloop.integrations.gradle.tasks.ScalaJavaInstall$.install(BloopInstallTask.scala:80)
2025.04.25 20:31:04 ERROR 	at bloop.integrations.gradle.tasks.BloopInstallTask.runBloopPlugin(BloopInstallTask.scala:65)
2025.04.25 20:31:04 ERROR 	at bloop.integrations.gradle.tasks.BloopInstallTask.run(BloopInstallTask.scala:41)
2025.04.25 20:31:04 ERROR 	at java.base/jdk.internal.reflect.DirectMethodHandleAccessor.invoke(DirectMethodHandleAccessor.java:104)
2025.04.25 20:31:04 ERROR 	at org.gradle.internal.reflect.JavaMethod.invoke(JavaMethod.java:125)
2025.04.25 20:31:04 ERROR 	at org.gradle.api.internal.project.taskfactory.StandardTaskAction.doExecute(StandardTaskAction.java:58)
2025.04.25 20:31:04 ERROR 	at org.gradle.api.internal.project.taskfactory.StandardTaskAction.execute(StandardTaskAction.java:51)
2025.04.25 20:31:04 ERROR 	at org.gradle.api.internal.project.taskfactory.StandardTaskAction.execute(StandardTaskAction.java:29)
2025.04.25 20:31:04 ERROR 	at org.gradle.api.internal.tasks.execution.TaskExecution$3.run(TaskExecution.java:242)
2025.04.25 20:31:04 ERROR 	at org.gradle.internal.operations.DefaultBuildOperationRunner$1.execute(DefaultBuildOperationRunner.java:29)
2025.04.25 20:31:04 ERROR 	at org.gradle.internal.operations.DefaultBuildOperationRunner$1.execute(DefaultBuildOperationRunner.java:26)
2025.04.25 20:31:04 ERROR 	at org.gradle.internal.operations.DefaultBuildOperationRunner$2.execute(DefaultBuildOperationRunner.java:66)
2025.04.25 20:31:04 ERROR 	at org.gradle.internal.operations.DefaultBuildOperationRunner$2.execute(DefaultBuildOperationRunner.java:59)
2025.04.25 20:31:04 ERROR 	at org.gradle.internal.operations.DefaultBuildOperationRunner.execute(DefaultBuildOperationRunner.java:157)
2025.04.25 20:31:04 ERROR 	at org.gradle.internal.operations.DefaultBuildOperationRunner.execute(DefaultBuildOperationRunner.java:59)
2025.04.25 20:31:04 ERROR 	at org.gradle.internal.operations.DefaultBuildOperationRunner.run(DefaultBuildOperationRunner.java:47)
2025.04.25 20:31:04 ERROR 	at org.gradle.internal.operations.DefaultBuildOperationExecutor.run(DefaultBuildOperationExecutor.java:68)
2025.04.25 20:31:04 ERROR 	at org.gradle.api.internal.tasks.execution.TaskExecution.executeAction(TaskExecution.java:227)
2025.04.25 20:31:04 ERROR 	at org.gradle.api.internal.tasks.execution.TaskExecution.executeActions(TaskExecution.java:210)
2025.04.25 20:31:04 ERROR 	at org.gradle.api.internal.tasks.execution.TaskExecution.executeWithPreviousOutputFiles(TaskExecution.java:193)
2025.04.25 20:31:04 ERROR 	at org.gradle.api.internal.tasks.execution.TaskExecution.execute(TaskExecution.java:166)
2025.04.25 20:31:04 ERROR 	at org.gradle.internal.execution.steps.ExecuteStep.executeInternal(ExecuteStep.java:93)
2025.04.25 20:31:04 ERROR 	at org.gradle.internal.execution.steps.ExecuteStep.access$000(ExecuteStep.java:44)
2025.04.25 20:31:04 ERROR 	at org.gradle.internal.execution.steps.ExecuteStep$1.call(ExecuteStep.java:57)
2025.04.25 20:31:04 ERROR 	at org.gradle.internal.execution.steps.ExecuteStep$1.call(ExecuteStep.java:54)
2025.04.25 20:31:04 ERROR 	at org.gradle.internal.operations.DefaultBuildOperationRunner$CallableBuildOperationWorker.execute(DefaultBuildOperationRunner.java:204)
2025.04.25 20:31:04 ERROR 	at org.gradle.internal.operations.DefaultBuildOperationRunner$CallableBuildOperationWorker.execute(DefaultBuildOperationRunner.java:199)
2025.04.25 20:31:04 ERROR 	at org.gradle.internal.operations.DefaultBuildOperationRunner$2.execute(DefaultBuildOperationRunner.java:66)
2025.04.25 20:31:04 ERROR 	at org.gradle.internal.operations.DefaultBuildOperationRunner$2.execute(DefaultBuildOperationRunner.java:59)
2025.04.25 20:31:04 ERROR 	at org.gradle.internal.operations.DefaultBuildOperationRunner.execute(DefaultBuildOperationRunner.java:157)
2025.04.25 20:31:04 ERROR 	at org.gradle.internal.operations.DefaultBuildOperationRunner.execute(DefaultBuildOperationRunner.java:59)
2025.04.25 20:31:04 ERROR 	at org.gradle.internal.operations.DefaultBuildOperationRunner.call(DefaultBuildOperationRunner.java:53)
2025.04.25 20:31:04 ERROR 	at org.gradle.internal.operations.DefaultBuildOperationExecutor.call(DefaultBuildOperationExecutor.java:73)
2025.04.25 20:31:04 ERROR 	at org.gradle.internal.execution.steps.ExecuteStep.execute(ExecuteStep.java:54)
2025.04.25 20:31:04 ERROR 	at org.gradle.internal.execution.steps.ExecuteStep.execute(ExecuteStep.java:44)
2025.04.25 20:31:04 ERROR 	at org.gradle.internal.execution.steps.RemovePreviousOutputsStep.execute(RemovePreviousOutputsStep.java:67)
2025.04.25 20:31:04 ERROR 	at org.gradle.internal.execution.steps.RemovePreviousOutputsStep.execute(RemovePreviousOutputsStep.java:37)
2025.04.25 20:31:04 ERROR 	at org.gradle.internal.execution.steps.CancelExecutionStep.execute(CancelExecutionStep.java:41)
2025.04.25 20:31:04 ERROR 	at org.gradle.internal.execution.steps.TimeoutStep.executeWithoutTimeout(TimeoutStep.java:74)
2025.04.25 20:31:04 ERROR 	at org.gradle.internal.execution.steps.TimeoutStep.execute(TimeoutStep.java:55)
2025.04.25 20:31:04 ERROR 	at org.gradle.internal.execution.steps.CreateOutputsStep.execute(CreateOutputsStep.java:50)
2025.04.25 20:31:04 ERROR 	at org.gradle.internal.execution.steps.CreateOutputsStep.execute(CreateOutputsStep.java:28)
2025.04.25 20:31:04 ERROR 	at org.gradle.internal.execution.steps.CaptureStateAfterExecutionStep.executeDelegateBroadcastingChanges(CaptureStateAfterExecutionStep.java:100)
2025.04.25 20:31:04 ERROR 	at org.gradle.internal.execution.steps.CaptureStateAfterExecutionStep.execute(CaptureStateAfterExecutionStep.java:72)
2025.04.25 20:31:04 ERROR 	at org.gradle.internal.execution.steps.CaptureStateAfterExecutionStep.execute(CaptureStateAfterExecutionStep.java:50)
2025.04.25 20:31:04 ERROR 	at org.gradle.internal.execution.steps.ResolveInputChangesStep.execute(ResolveInputChangesStep.java:40)
2025.04.25 20:31:04 ERROR 	at org.gradle.internal.execution.steps.ResolveInputChangesStep.execute(ResolveInputChangesStep.java:29)
2025.04.25 20:31:04 ERROR 	at org.gradle.internal.execution.steps.BuildCacheStep.executeWithoutCache(BuildCacheStep.java:166)
2025.04.25 20:31:04 ERROR 	at org.gradle.internal.execution.steps.BuildCacheStep.lambda$execute$1(BuildCacheStep.java:70)
2025.04.25 20:31:04 ERROR 	at org.gradle.internal.Either$Right.fold(Either.java:175)
2025.04.25 20:31:04 ERROR 	at org.gradle.internal.execution.caching.CachingState.fold(CachingState.java:59)
2025.04.25 20:31:04 ERROR 	at org.gradle.internal.execution.steps.BuildCacheStep.execute(BuildCacheStep.java:68)
2025.04.25 20:31:04 ERROR 	at org.gradle.internal.execution.steps.BuildCacheStep.execute(BuildCacheStep.java:46)
2025.04.25 20:31:04 ERROR 	at org.gradle.internal.execution.steps.StoreExecutionStateStep.execute(StoreExecutionStateStep.java:36)
2025.04.25 20:31:04 ERROR 	at org.gradle.internal.execution.steps.StoreExecutionStateStep.execute(StoreExecutionStateStep.java:25)
2025.04.25 20:31:04 ERROR 	at org.gradle.internal.execution.steps.RecordOutputsStep.execute(RecordOutputsStep.java:36)
2025.04.25 20:31:04 ERROR 	at org.gradle.internal.execution.steps.RecordOutputsStep.execute(RecordOutputsStep.java:22)
2025.04.25 20:31:04 ERROR 	at org.gradle.internal.execution.steps.SkipUpToDateStep.executeBecause(SkipUpToDateStep.java:91)
2025.04.25 20:31:04 ERROR 	at org.gradle.internal.execution.steps.SkipUpToDateStep.lambda$execute$2(SkipUpToDateStep.java:55)
2025.04.25 20:31:04 ERROR 	at org.gradle.internal.execution.steps.SkipUpToDateStep.execute(SkipUpToDateStep.java:55)
2025.04.25 20:31:04 ERROR 	at org.gradle.internal.execution.steps.SkipUpToDateStep.execute(SkipUpToDateStep.java:37)
2025.04.25 20:31:04 ERROR 	at org.gradle.internal.execution.steps.ResolveChangesStep.execute(ResolveChangesStep.java:65)
2025.04.25 20:31:04 ERROR 	at org.gradle.internal.execution.steps.ResolveChangesStep.execute(ResolveChangesStep.java:36)
2025.04.25 20:31:04 ERROR 	at org.gradle.internal.execution.steps.legacy.MarkSnapshottingInputsFinishedStep.execute(MarkSnapshottingInputsFinishedStep.java:37)
2025.04.25 20:31:04 ERROR 	at org.gradle.internal.execution.steps.legacy.MarkSnapshottingInputsFinishedStep.execute(MarkSnapshottingInputsFinishedStep.java:27)
2025.04.25 20:31:04 ERROR 	at org.gradle.internal.execution.steps.ResolveCachingStateStep.execute(ResolveCachingStateStep.java:76)
2025.04.25 20:31:04 ERROR 	at org.gradle.internal.execution.steps.ResolveCachingStateStep.execute(ResolveCachingStateStep.java:37)
2025.04.25 20:31:04 ERROR 	at org.gradle.internal.execution.steps.ValidateStep.execute(ValidateStep.java:94)
2025.04.25 20:31:04 ERROR 	at org.gradle.internal.execution.steps.ValidateStep.execute(ValidateStep.java:49)
2025.04.25 20:31:04 ERROR 	at org.gradle.internal.execution.steps.CaptureStateBeforeExecutionStep.execute(CaptureStateBeforeExecutionStep.java:71)
2025.04.25 20:31:04 ERROR 	at org.gradle.internal.execution.steps.CaptureStateBeforeExecutionStep.execute(CaptureStateBeforeExecutionStep.java:45)
2025.04.25 20:31:04 ERROR 	at org.gradle.internal.execution.steps.SkipEmptyWorkStep.executeWithNonEmptySources(SkipEmptyWorkStep.java:177)
2025.04.25 20:31:04 ERROR 	at org.gradle.internal.execution.steps.SkipEmptyWorkStep.execute(SkipEmptyWorkStep.java:81)
2025.04.25 20:31:04 ERROR 	at org.gradle.internal.execution.steps.SkipEmptyWorkStep.execute(SkipEmptyWorkStep.java:53)
2025.04.25 20:31:04 ERROR 	at org.gradle.internal.execution.steps.RemoveUntrackedExecutionStateStep.execute(RemoveUntrackedExecutionStateStep.java:32)
2025.04.25 20:31:04 ERROR 	at org.gradle.internal.execution.steps.RemoveUntrackedExecutionStateStep.execute(RemoveUntrackedExecutionStateStep.java:21)
2025.04.25 20:31:04 ERROR 	at org.gradle.internal.execution.steps.legacy.MarkSnapshottingInputsStartedStep.execute(MarkSnapshottingInputsStartedStep.java:38)
2025.04.25 20:31:04 ERROR 	at org.gradle.internal.execution.steps.LoadPreviousExecutionStateStep.execute(LoadPreviousExecutionStateStep.java:36)
2025.04.25 20:31:04 ERROR 	at org.gradle.internal.execution.steps.LoadPreviousExecutionStateStep.execute(LoadPreviousExecutionStateStep.java:23)
2025.04.25 20:31:04 ERROR 	at org.gradle.internal.execution.steps.CleanupStaleOutputsStep.execute(CleanupStaleOutputsStep.java:75)
2025.04.25 20:31:04 ERROR 	at org.gradle.internal.execution.steps.CleanupStaleOutputsStep.execute(CleanupStaleOutputsStep.java:41)
2025.04.25 20:31:04 ERROR 	at org.gradle.internal.execution.steps.AssignWorkspaceStep.lambda$execute$0(AssignWorkspaceStep.java:32)
2025.04.25 20:31:04 ERROR 	at org.gradle.api.internal.tasks.execution.TaskExecution$4.withWorkspace(TaskExecution.java:287)
2025.04.25 20:31:04 ERROR 	at org.gradle.internal.execution.steps.AssignWorkspaceStep.execute(AssignWorkspaceStep.java:30)
2025.04.25 20:31:04 ERROR 	at org.gradle.internal.execution.steps.AssignWorkspaceStep.execute(AssignWorkspaceStep.java:21)
2025.04.25 20:31:04 ERROR 	at org.gradle.internal.execution.steps.IdentityCacheStep.execute(IdentityCacheStep.java:37)
2025.04.25 20:31:04 ERROR 	at org.gradle.internal.execution.steps.IdentityCacheStep.execute(IdentityCacheStep.java:27)
2025.04.25 20:31:04 ERROR 	at org.gradle.internal.execution.steps.IdentifyStep.execute(IdentifyStep.java:42)
2025.04.25 20:31:04 ERROR 	at org.gradle.internal.execution.steps.IdentifyStep.execute(IdentifyStep.java:31)
2025.04.25 20:31:04 ERROR 	at org.gradle.internal.execution.impl.DefaultExecutionEngine$1.execute(DefaultExecutionEngine.java:64)
2025.04.25 20:31:04 ERROR 	at org.gradle.api.internal.tasks.execution.ExecuteActionsTaskExecuter.executeIfValid(ExecuteActionsTaskExecuter.java:146)
2025.04.25 20:31:04 ERROR 	at org.gradle.api.internal.tasks.execution.ExecuteActionsTaskExecuter.execute(ExecuteActionsTaskExecuter.java:135)
2025.04.25 20:31:04 ERROR 	at org.gradle.api.internal.tasks.execution.FinalizePropertiesTaskExecuter.execute(FinalizePropertiesTaskExecuter.java:46)
2025.04.25 20:31:04 ERROR 	at org.gradle.api.internal.tasks.execution.ResolveTaskExecutionModeExecuter.execute(ResolveTaskExecutionModeExecuter.java:51)
2025.04.25 20:31:04 ERROR 	at org.gradle.api.internal.tasks.execution.SkipTaskWithNoActionsExecuter.execute(SkipTaskWithNoActionsExecuter.java:57)
2025.04.25 20:31:04 ERROR 	at org.gradle.api.internal.tasks.execution.SkipOnlyIfTaskExecuter.execute(SkipOnlyIfTaskExecuter.java:74)
2025.04.25 20:31:04 ERROR 	at org.gradle.api.internal.tasks.execution.CatchExceptionTaskExecuter.execute(CatchExceptionTaskExecuter.java:36)
2025.04.25 20:31:04 ERROR 	at org.gradle.api.internal.tasks.execution.EventFiringTaskExecuter$1.executeTask(EventFiringTaskExecuter.java:77)
2025.04.25 20:31:04 ERROR 	at org.gradle.api.internal.tasks.execution.EventFiringTaskExecuter$1.call(EventFiringTaskExecuter.java:55)
2025.04.25 20:31:04 ERROR 	at org.gradle.api.internal.tasks.execution.EventFiringTaskExecuter$1.call(EventFiringTaskExecuter.java:52)
2025.04.25 20:31:04 ERROR 	at org.gradle.internal.operations.DefaultBuildOperationRunner$CallableBuildOperationWorker.execute(DefaultBuildOperationRunner.java:204)
2025.04.25 20:31:04 ERROR 	at org.gradle.internal.operations.DefaultBuildOperationRunner$CallableBuildOperationWorker.execute(DefaultBuildOperationRunner.java:199)
2025.04.25 20:31:04 ERROR 	at org.gradle.internal.operations.DefaultBuildOperationRunner$2.execute(DefaultBuildOperationRunner.java:66)
2025.04.25 20:31:04 ERROR 	at org.gradle.internal.operations.DefaultBuildOperationRunner$2.execute(DefaultBuildOperationRunner.java:59)
2025.04.25 20:31:04 ERROR 	at org.gradle.internal.operations.DefaultBuildOperationRunner.execute(DefaultBuildOperationRunner.java:157)
2025.04.25 20:31:04 ERROR 	at org.gradle.internal.operations.DefaultBuildOperationRunner.execute(DefaultBuildOperationRunner.java:59)
2025.04.25 20:31:04 ERROR 	at org.gradle.internal.operations.DefaultBuildOperationRunner.call(DefaultBuildOperationRunner.java:53)
2025.04.25 20:31:04 ERROR 	at org.gradle.internal.operations.DefaultBuildOperationExecutor.call(DefaultBuildOperationExecutor.java:73)
2025.04.25 20:31:04 ERROR 	at org.gradle.api.internal.tasks.execution.EventFiringTaskExecuter.execute(EventFiringTaskExecuter.java:52)
2025.04.25 20:31:04 ERROR 	at org.gradle.execution.plan.LocalTaskNodeExecutor.execute(LocalTaskNodeExecutor.java:42)
2025.04.25 20:31:04 ERROR 	at org.gradle.execution.taskgraph.DefaultTaskExecutionGraph$InvokeNodeExecutorsAction.execute(DefaultTaskExecutionGraph.java:338)
2025.04.25 20:31:04 ERROR 	at org.gradle.execution.taskgraph.DefaultTaskExecutionGraph$InvokeNodeExecutorsAction.execute(DefaultTaskExecutionGraph.java:325)
2025.04.25 20:31:04 ERROR 	at org.gradle.execution.taskgraph.DefaultTaskExecutionGraph$BuildOperationAwareExecutionAction.execute(DefaultTaskExecutionGraph.java:318)
2025.04.25 20:31:04 ERROR 	at org.gradle.execution.taskgraph.DefaultTaskExecutionGraph$BuildOperationAwareExecutionAction.execute(DefaultTaskExecutionGraph.java:304)
2025.04.25 20:31:04 ERROR 	at org.gradle.execution.plan.DefaultPlanExecutor$ExecutorWorker.execute(DefaultPlanExecutor.java:463)
2025.04.25 20:31:04 ERROR 	at org.gradle.execution.plan.DefaultPlanExecutor$ExecutorWorker.run(DefaultPlanExecutor.java:380)
2025.04.25 20:31:04 ERROR 	at org.gradle.execution.plan.DefaultPlanExecutor.process(DefaultPlanExecutor.java:116)
2025.04.25 20:31:04 ERROR 	at org.gradle.execution.taskgraph.DefaultTaskExecutionGraph.executeWithServices(DefaultTaskExecutionGraph.java:136)
2025.04.25 20:31:04 ERROR 	at org.gradle.execution.taskgraph.DefaultTaskExecutionGraph.execute(DefaultTaskExecutionGraph.java:121)
2025.04.25 20:31:04 ERROR 	at org.gradle.execution.SelectedTaskExecutionAction.execute(SelectedTaskExecutionAction.java:35)
2025.04.25 20:31:04 ERROR 	at org.gradle.execution.DryRunBuildExecutionAction.execute(DryRunBuildExecutionAction.java:51)
2025.04.25 20:31:04 ERROR 	at org.gradle.execution.BuildOperationFiringBuildWorkerExecutor$ExecuteTasks.call(BuildOperationFiringBuildWorkerExecutor.java:54)
2025.04.25 20:31:04 ERROR 	at org.gradle.execution.BuildOperationFiringBuildWorkerExecutor$ExecuteTasks.call(BuildOperationFiringBuildWorkerExecutor.java:43)
2025.04.25 20:31:04 ERROR 	at org.gradle.internal.operations.DefaultBuildOperationRunner$CallableBuildOperationWorker.execute(DefaultBuildOperationRunner.java:204)
2025.04.25 20:31:04 ERROR 	at org.gradle.internal.operations.DefaultBuildOperationRunner$CallableBuildOperationWorker.execute(DefaultBuildOperationRunner.java:199)
2025.04.25 20:31:04 ERROR 	at org.gradle.internal.operations.DefaultBuildOperationRunner$2.execute(DefaultBuildOperationRunner.java:66)
2025.04.25 20:31:04 ERROR 	at org.gradle.internal.operations.DefaultBuildOperationRunner$2.execute(DefaultBuildOperationRunner.java:59)
2025.04.25 20:31:04 ERROR 	at org.gradle.internal.operations.DefaultBuildOperationRunner.execute(DefaultBuildOperationRunner.java:157)
2025.04.25 20:31:04 ERROR 	at org.gradle.internal.operations.DefaultBuildOperationRunner.execute(DefaultBuildOperationRunner.java:59)
2025.04.25 20:31:04 ERROR 	at org.gradle.internal.operations.DefaultBuildOperationRunner.call(DefaultBuildOperationRunner.java:53)
2025.04.25 20:31:04 ERROR 	at org.gradle.internal.operations.DefaultBuildOperationExecutor.call(DefaultBuildOperationExecutor.java:73)
2025.04.25 20:31:04 ERROR 	at org.gradle.execution.BuildOperationFiringBuildWorkerExecutor.execute(BuildOperationFiringBuildWorkerExecutor.java:40)
2025.04.25 20:31:04 ERROR 	at org.gradle.internal.build.DefaultBuildLifecycleController.lambda$executeTasks$7(DefaultBuildLifecycleController.java:172)
2025.04.25 20:31:04 ERROR 	at org.gradle.internal.model.StateTransitionController.doTransition(StateTransitionController.java:258)
2025.04.25 20:31:04 ERROR 	at org.gradle.internal.model.StateTransitionController.lambda$tryTransition$8(StateTransitionController.java:185)
2025.04.25 20:31:04 ERROR 	at org.gradle.internal.work.DefaultSynchronizer.withLock(DefaultSynchronizer.java:44)
2025.04.25 20:31:04 ERROR 	at org.gradle.internal.model.StateTransitionController.tryTransition(StateTransitionController.java:185)
2025.04.25 20:31:04 ERROR 	at org.gradle.internal.build.DefaultBuildLifecycleController.executeTasks(DefaultBuildLifecycleController.java:172)
2025.04.25 20:31:04 ERROR 	at org.gradle.internal.build.DefaultBuildWorkGraphController$DefaultBuildWorkGraph.runWork(DefaultBuildWorkGraphController.java:209)
2025.04.25 20:31:04 ERROR 	at org.gradle.internal.work.DefaultWorkerLeaseService.withLocks(DefaultWorkerLeaseService.java:249)
2025.04.25 20:31:04 INFO  
2025.04.25 20:31:04 INFO  Deprecated Gradle features were used in this build, making it incompatible with Gradle 9.0.
2025.04.25 20:31:04 INFO  
2025.04.25 20:31:04 INFO  You can use '--warning-mode all' to show the individual deprecation warnings and determine if they come from your own scripts or plugins.
2025.04.25 20:31:04 INFO  
2025.04.25 20:31:04 INFO  See https://docs.gradle.org/8.0/userguide/command_line_interface.html#sec:command_line_warnings
2025.04.25 20:31:04 INFO  4 actionable tasks: 4 executed
2025.04.25 20:31:04 ERROR 	at org.gradle.internal.work.DefaultWorkerLeaseService.runAsWorkerThread(DefaultWorkerLeaseService.java:109)
2025.04.25 20:31:04 ERROR 	at org.gradle.composite.internal.DefaultBuildController.doRun(DefaultBuildController.java:172)
2025.04.25 20:31:04 ERROR 	at org.gradle.composite.internal.DefaultBuildController.access$000(DefaultBuildController.java:47)
2025.04.25 20:31:04 ERROR 	at org.gradle.composite.internal.DefaultBuildController$BuildOpRunnable.run(DefaultBuildController.java:191)
2025.04.25 20:31:04 ERROR 	at org.gradle.internal.concurrent.ExecutorPolicy$CatchAndRecordFailures.onExecute(ExecutorPolicy.java:64)
2025.04.25 20:31:04 ERROR 	at org.gradle.internal.concurrent.ManagedExecutorImpl$1.run(ManagedExecutorImpl.java:49)
2025.04.25 20:31:04 ERROR Caused by: org.gradle.internal.resolve.ModuleVersionNotFoundException: Could not find :scalaSummarizerAPI-1.0.0-all:.
2025.04.25 20:31:04 ERROR Required by:
2025.04.25 20:31:04 ERROR     project :backend
2025.04.25 20:31:04 ERROR 
2025.04.25 20:31:04 ERROR 
2025.04.25 20:31:04 ERROR * Get more help at https://help.gradle.org
2025.04.25 20:31:04 ERROR 
2025.04.25 20:31:04 ERROR BUILD FAILED in 38s
2025.04.25 20:31:04 INFO  time: ran 'gradle bloopInstall' in 39s
2025.04.25 20:31:04 ERROR Gradle command failed: D:\websummarizer\gradlew.bat --stacktrace --console=plain --init-script C:\Users\rahul\AppData\Local\Temp\metals3303516186574211819\init-script.gradle bloopInstall
2025.04.25 20:31:04 INFO  Attempting to connect to the build server...
2025.04.25 20:31:04 INFO  No running Bloop server found, starting one.
2025.04.25 20:31:08 INFO  Starting compilation server
2025.04.25 20:31:15 INFO  tracing is disabled for protocol BSP, to enable tracing of incoming and outgoing JSON messages create an empty file at D:\websummarizer\.metals\bsp.trace.json or C:\Users\rahul\AppData\Local\scalameta\metals\cache\bsp.trace.json
2025.04.25 20:31:31 INFO  time: Connected to build server in 26s
2025.04.25 20:31:31 INFO  Connected to Build server: Bloop v2.0.9
2025.04.25 20:31:31 INFO  time: Imported build in 0.26s
2025.04.25 20:31:31 WARN  2.13.10 is no longer supported in the current Metals versions, using the last known supported version 1.3.3
2025.04.25 20:32:07 INFO  time: indexed workspace in 36s
2025.04.25 20:32:20 INFO  no build target found for D:\websummarizer\backend\src\main\java\ai\cimba\websummarizer\service\ScalaLibraryService.java. Using presentation compiler with project's scala-library version: 2.13.16
2025.04.25 20:32:20 WARN  no build target for: D:\websummarizer\backend\src\main\java\ai\cimba\websummarizer\service\ScalaLibraryService.java
2025.04.25 20:32:21 INFO  no build target found for D:\websummarizer\backend\src\main\java\ai\cimba\websummarizer\service\ScalaLibraryService.java. Using presentation compiler with project's scala-library version: 2.13.16
2025.04.25 20:32:22 INFO  no build target found for D:\websummarizer\backend\src\main\java\ai\cimba\websummarizer\service\ScalaLibraryService.java. Using presentation compiler with project's scala-library version: 2.13.16
2025.04.25 20:32:25 INFO  no build target found for D:\websummarizer\backend\src\main\java\ai\cimba\websummarizer\service\ScalaLibraryService.java. Using presentation compiler with project's scala-library version: 2.13.16
2025.04.25 20:33:09 INFO  no build target found for D:\websummarizer\backend\src\main\java\ai\cimba\websummarizer\service\ScalaLibraryService.java. Using presentation compiler with project's scala-library version: 2.13.16
2025.04.25 20:33:09 WARN  no build target for: D:\websummarizer\backend\src\main\java\ai\cimba\websummarizer\service\ScalaLibraryService.java
2025.04.25 20:33:09 INFO  no build target found for D:\websummarizer\backend\src\main\java\ai\cimba\websummarizer\service\ScalaLibraryService.java. Using presentation compiler with project's scala-library version: 2.13.16
2025.04.25 20:33:21 INFO  no build target found for D:\websummarizer\backend\src\main\java\ai\cimba\websummarizer\service\ScalaLibraryService.java. Using presentation compiler with project's scala-library version: 2.13.16
2025.04.25 20:33:21 INFO  no build target found for D:\websummarizer\backend\src\main\java\ai\cimba\websummarizer\service\ScalaLibraryService.java. Using presentation compiler with project's scala-library version: 2.13.16
Apr 25, 2025 10:57:05 PM org.eclipse.lsp4j.jsonrpc.services.GenericEndpoint notify
INFO: Unsupported notification method: $/setTrace
2025.04.26 19:19:45 INFO  Shutting down server
2025.04.26 19:19:45 INFO  shutting down Metals
2025.04.26 19:19:46 INFO  Shut down connection with build server.
2025.04.26 19:19:45 INFO  Exiting server
2025.04.26 19:21:15 INFO  Started: Metals version 1.5.2 in folders 'D:\websummarizer' for client Visual Studio Code 1.99.3.
2025.04.26 19:21:19 INFO  Attempting to connect to the build server...
2025.04.26 19:21:19 INFO  Found a Bloop server running
2025.04.26 19:21:25 INFO  tracing is disabled for protocol BSP, to enable tracing of incoming and outgoing JSON messages create an empty file at D:\websummarizer\.metals\bsp.trace.json
2025.04.26 19:21:26 INFO  time: Connected to build server in 6.55s
2025.04.26 19:21:26 INFO  Connected to Build server: Bloop v2.0.9
2025.04.26 19:21:27 INFO  time: Imported build in 0.56s
2025.04.26 19:21:27 WARN  2.13.10 is no longer supported in the current Metals versions, using the last known supported version 1.3.3
2025.04.26 19:21:32 INFO  time: indexed workspace in 5.54s
2025.04.26 19:24:15 INFO  Shutting down server
2025.04.26 19:24:15 INFO  shutting down Metals
2025.04.26 19:24:15 INFO  Shut down connection with build server.
2025.04.26 19:24:15 INFO  Exiting server
2025.04.26 19:28:00 INFO  Started: Metals version 1.5.2 in folders 'D:\websummarizer' for client Visual Studio Code 1.99.3.
2025.04.26 19:28:14 INFO  Attempting to connect to the build server...
2025.04.26 19:28:14 INFO  Found a Bloop server running
2025.04.26 19:28:19 INFO  tracing is disabled for protocol BSP, to enable tracing of incoming and outgoing JSON messages create an empty file at D:\websummarizer\.metals\bsp.trace.json or C:\Users\rahul\AppData\Local\scalameta\metals\cache\bsp.trace.json
2025.04.26 19:28:20 INFO  time: Connected to build server in 5.9s
2025.04.26 19:28:20 INFO  Connected to Build server: Bloop v2.0.9
2025.04.26 19:28:20 INFO  time: Imported build in 0.18s
2025.04.26 19:28:20 WARN  2.13.10 is no longer supported in the current Metals versions, using the last known supported version 1.3.3
2025.04.26 19:28:33 INFO  time: indexed workspace in 12s
2025.04.26 21:54:05 INFO  no build target found for D:\websummarizer\backend\src\main\java\ai\cimba\websummarizer\WebSummarizerApplication.java. Using presentation compiler with project's scala-library version: 2.13.16
2025.04.26 21:54:05 WARN  no build target for: D:\websummarizer\backend\src\main\java\ai\cimba\websummarizer\WebSummarizerApplication.java
2025.04.26 21:54:07 INFO  no build target found for D:\websummarizer\backend\src\main\java\ai\cimba\websummarizer\WebSummarizerApplication.java. Using presentation compiler with project's scala-library version: 2.13.16
2025.04.26 21:54:08 INFO  time: code lens generation in 1.12s
2025.04.26 21:54:08 INFO  no build target found for D:\websummarizer\backend\src\main\java\ai\cimba\websummarizer\WebSummarizerApplication.java. Using presentation compiler with project's scala-library version: 2.13.16
2025.04.26 21:54:11 INFO  no build target found for D:\websummarizer\backend\src\main\java\ai\cimba\websummarizer\WebSummarizerApplication.java. Using presentation compiler with project's scala-library version: 2.13.16
2025.04.26 21:54:16 INFO  no build target found for D:\websummarizer\backend\src\main\java\ai\cimba\websummarizer\WebSummarizerApplication.java. Using presentation compiler with project's scala-library version: 2.13.16
2025.04.26 22:48:15 INFO  Shutting down server
2025.04.26 22:48:15 INFO  shutting down Metals
2025.04.26 22:48:16 INFO  Shut down connection with build server.
2025.04.26 22:48:15 INFO  Exiting server
2025.04.28 22:55:22 INFO  Started: Metals version 1.5.2 in folders 'D:\websummarizer' for client Visual Studio Code 1.99.3.
2025.04.28 22:55:25 INFO  Attempting to connect to the build server...
2025.04.28 22:55:25 INFO  Found a Bloop server running
2025.04.28 22:55:27 INFO  tracing is disabled for protocol BSP, to enable tracing of incoming and outgoing JSON messages create an empty file at D:\websummarizer\.metals\bsp.trace.json or C:\Users\rahul\AppData\Local\scalameta\metals\cache\bsp.trace.json
2025.04.28 22:55:27 INFO  time: Connected to build server in 2.03s
2025.04.28 22:55:27 INFO  Connected to Build server: Bloop v2.0.9
2025.04.28 22:55:32 INFO  time: Imported build in 0.13s
2025.04.28 22:55:32 WARN  2.13.10 is no longer supported in the current Metals versions, using the last known supported version 1.3.3
2025.04.28 22:55:44 INFO  time: indexed workspace in 11s
